0 info it worked if it ends with ok
1 verbose cli [ 'D:\\实训软件\\nodejs\\node.exe',
1 verbose cli   'D:\\实训软件\\nodejs\\node_modules\\npm\\bin\\npm-cli.js',
1 verbose cli   'start' ]
2 info using npm@3.10.10
3 info using node@v6.11.2
4 verbose run-script [ 'prestart', 'start', 'poststart' ]
5 info lifecycle 008-webpack@1.0.0~prestart: 008-webpack@1.0.0
6 silly lifecycle 008-webpack@1.0.0~prestart: no script for prestart, continuing
7 info lifecycle 008-webpack@1.0.0~start: 008-webpack@1.0.0
8 verbose lifecycle 008-webpack@1.0.0~start: unsafe-perm in lifecycle true
9 verbose lifecycle 008-webpack@1.0.0~start: PATH: D:\实训软件\nodejs\node_modules\npm\bin\node-gyp-bin;D:\wamp\wamp\www\nodejs\node001\008-webpack\node_modules\.bin;C:\windows\system32;C:\windows;C:\windows\System32\Wbem;C:\windows\System32\WindowsPowerShell\v1.0\;C:\Program Files (x86)\NVIDIA Corporation\PhysX\Common;C:\Program Files (x86)\Java\jdk1.6.0_32\bin;C:\Program Files (x86)\MySQL\MySQL Server 5.1\bin;D:\Git\cmd;D:\实训软件\nodejs;C:\Users\Administrator\AppData\Local\Programs\Python\Python27\;C:\Users\Administrator\AppData\Local\Programs\Python\Python35\Scripts\;C:\Users\Administrator\AppData\Local\Programs\Python\Python35\;C:\AppServ\MySQL\bin;C:\Users\Administrator\AppData\Roaming\npm;D:\Program Files (x86)\Tencent\TIM\Bin;C:\Program Files (x86)\Tencent\WeChat
10 verbose lifecycle 008-webpack@1.0.0~start: CWD: D:\wamp\wamp\www\nodejs\node001\008-webpack
11 silly lifecycle 008-webpack@1.0.0~start: Args: [ '/d /s /c', 'nodemon index.js' ]
12 verbose stack Error: kill ENOSYS
12 verbose stack     at exports._errnoException (util.js:1020:11)
12 verbose stack     at process.kill (internal/process.js:190:13)
12 verbose stack     at process.listener (D:\实训软件\nodejs\node_modules\npm\node_modules\npmlog\node_modules\gauge\node_modules\signal-exit\index.js:86:15)
12 verbose stack     at emitNone (events.js:91:20)
12 verbose stack     at process.emit (events.js:185:7)
12 verbose stack     at processEmit (D:\实训软件\nodejs\node_modules\npm\node_modules\npmlog\node_modules\gauge\node_modules\signal-exit\index.js:146:32)
12 verbose stack     at processEmit (D:\实训软件\nodejs\node_modules\npm\node_modules\npm-registry-client\node_modules\npmlog\node_modules\gauge\node_modules\signal-exit\index.js:146:32)
12 verbose stack     at Signal.wrap.onsignal (internal/process.js:217:44)
13 verbose cwd D:\wamp\wamp\www\nodejs\node001\008-webpack
14 error Windows_NT 10.0.10240
15 error argv "D:\\实训软件\\nodejs\\node.exe" "D:\\实训软件\\nodejs\\node_modules\\npm\\bin\\npm-cli.js" "start"
16 error node v6.11.2
17 error npm  v3.10.10
18 error code ENOSYS
19 error errno ENOSYS
20 error syscall kill
21 error kill ENOSYS
22 error If you need help, you may report this error at:
22 error     <https://github.com/npm/npm/issues>
23 verbose exit [ 1, true ]
